[35m[Appium][39m Welcome to Appium v2.5.3
[35m[Appium][39m Non-default server args:
[35m[Appium][39m { basePath: [32m'/wd/hub'[39m, loglevel: [32m'info'[39m, port: [33m54907[39m }
[35m[Appium][39m Attempting to load driver uiautomator2...
[Appium] Appium REST http interface listener started on http://0.0.0.0:54907/wd/hub
[Appium] You can provide the following URLs in your client code to connect to this server:
[Appium] 	http://127.0.0.1:54907/wd/hub (only accessible from the same host)
[Appium] 	http://192.168.1.17:54907/wd/hub
[Appium] Available drivers:
[Appium]   - uiautomator2@3.1.0 (automationName 'UiAutomator2')
[Appium] No plugins have been installed. Use the "appium plugin" command to install the one(s) you want to use.
[38;5;0m[HTTP][0m [37m-->[39m [37mGET[39m [37m/wd/hub/status[39m
[38;5;0m[HTTP][0m {}
[38;5;0m[HTTP][0m <-- GET /wd/hub/status 200 5 ms - 110
[38;5;0m[HTTP][0m 
[38;5;0m[HTTP][0m [37m-->[39m [37mGET[39m [37m/wd/hub/status[39m
[38;5;0m[HTTP][0m {}
[38;5;0m[HTTP][0m <-- GET /wd/hub/status 200 1 ms - 110
[38;5;0m[HTTP][0m 
[38;5;0m[HTTP][0m [37m-->[39m [37mPOST[39m [37m/wd/hub/session[39m
[38;5;0m[HTTP][0m {"desiredCapabilities":{"appium:systemPort":54919,"appium:newCommandTimeout":1800,"appium:automationName":"uiautomator2","appium:fullReset":false,"appium:platformVersion":"13","appium:noReset":true,"appium:udid":"emulator-5554","appium:autoGrantPermissions":true,"appium:platformName":"ANDROID","appium:deviceName":"emulator-5554 (sdk_gphone64_arm64 - Android 13)","platformName":"Android","appium:app":"/Users/amrashraf/Downloads/Tenex_1.4.6_apkcombo.com.apk"},"capabilities":{"firstMatch":[{"appium:app":"/Users/amrashraf/Downloads/Tenex_1.4.6_apkcombo.com.apk","appium:autoGrantPermissions":true,"appium:automationName":"uiautomator2","appium:deviceName":"emulator-5554 (sdk_gphone64_arm64 - Android 13)","appium:fullReset":false,"appium:newCommandTimeout":1800,"appium:noReset":true,"appium:platformName":"ANDROID","appium:platformVersion":"13","appium:systemPort":54919,"appium:udid":"emulator-5554","platformName":"android"}]}}
[38;5;32m[BaseDriver][0m Ignoring capability 'appium:platformName=ANDROID' and using capability 'platformName=android'
[38;5;32m[BaseDriver][0m The capabilities ["platformName"] are standard capabilities and do not require "appium:" prefix
[Appium] Attempting to find matching driver for automationName 'uiautomator2' and platformName 'android'
[Appium] The 'uiautomator2' driver was installed and matched caps.
[Appium] Will require it at /Users/amrashraf/.appium/node_modules/appium-uiautomator2-driver
[38;5;16m[AppiumDriver@d643][0m Appium v2.5.3 creating new AndroidUiautomator2Driver (v3.1.0) session
[38;5;16m[AppiumDriver@d643][0m Checking BaseDriver versions for Appium and AndroidUiautomator2Driver
[38;5;16m[AppiumDriver@d643][0m Appium's BaseDriver version is 9.5.4
[38;5;16m[AppiumDriver@d643][0m AndroidUiautomator2Driver's BaseDriver version is 9.5.4
[38;5;48m[AndroidUiautomator2Driver@989f (536d2f13)][0m Session created with session id: 536d2f13-cbfa-4d77-93fa-fd2aed56114c
[38;5;64m[ADB][0m Found 1 'build-tools' folders under '/Users/amrashraf/.katalon/tools/android_sdk' (newest first):
[38;5;64m[ADB][0m     /Users/amrashraf/.katalon/tools/android_sdk/build-tools/29.0.3
[38;5;64m[ADB][0m Using 'adb' from '/Users/amrashraf/.katalon/tools/android_sdk/platform-tools/adb'
[38;5;48m[AndroidUiautomator2Driver@989f (536d2f13)][0m Retrieving device list
[38;5;48m[AndroidUiautomator2Driver@989f (536d2f13)][0m Using device: emulator-5554
[38;5;64m[ADB][0m Using 'adb' from '/Users/amrashraf/.katalon/tools/android_sdk/platform-tools/adb'
[38;5;32m[BaseDriver][0m Using local app '/Users/amrashraf/Downloads/Tenex_1.4.6_apkcombo.com.apk'
[38;5;64m[ADB][0m Getting device platform version
[38;5;48m[AndroidUiautomator2Driver@989f (536d2f13)][0m Relaxing hidden api policy
[38;5;64m[ADB][0m Package name: 'com.toweron'
[38;5;64m[ADB][0m Main activity name: 'com.toweron.MainActivity'
[38;5;64m[ADB][0m Using 'apksigner.jar' from '/Users/amrashraf/.katalon/tools/android_sdk/build-tools/29.0.3/lib/apksigner.jar'
[38;5;48m[AndroidUiautomator2Driver@989f (536d2f13)][0m Server packages are not going to be (re)installed
[38;5;64m[ADB][0m Adding packages ["io.appium.settings","io.appium.uiautomator2.server","io.appium.uiautomator2.server.test"] to Doze whitelist
[38;5;64m[ADB][0m '/Users/amrashraf/Downloads/Tenex_1.4.6_apkcombo.com.apk' is signed with a non-default certificate
[38;5;64m[ADB][0m The application at '/Users/amrashraf/Downloads/Tenex_1.4.6_apkcombo.com.apk' will not be cached, because the device under test has confirmed the support of streamed installs
[38;5;64m[ADB][0m The installation of 'Tenex_1.4.6_apkcombo.com.apk' took 1503ms
[38;5;48m[AndroidUiautomator2Driver@989f (536d2f13)][0m Starting UIAutomator2 server 7.0.5
[38;5;48m[AndroidUiautomator2Driver@989f (536d2f13)][0m Using UIAutomator2 server from '/Users/amrashraf/.appium/node_modules/appium-uiautomator2-driver/node_modules/appium-uiautomator2-server/apks/appium-uiautomator2-server-v7.0.5.apk' and test from '/Users/amrashraf/.appium/node_modules/appium-uiautomator2-driver/node_modules/appium-uiautomator2-server/apks/appium-uiautomator2-server-debug-androidTest.apk'
[38;5;48m[AndroidUiautomator2Driver@989f (536d2f13)][0m Waiting up to 30000ms for UiAutomator2 to be online...
[38;5;48m[AndroidUiautomator2Driver@989f (536d2f13)][0m socket hang up
[38;5;48m[AndroidUiautomator2Driver@989f (536d2f13)][0m socket hang up
[38;5;48m[AndroidUiautomator2Driver@989f (536d2f13)][0m socket hang up
[38;5;48m[AndroidUiautomator2Driver@989f (536d2f13)][0m Determined the downstream protocol as 'W3C'
[38;5;48m[AndroidUiautomator2Driver@989f (536d2f13)][0m Screen already unlocked, doing nothing
[38;5;48m[AndroidUiautomator2Driver@989f (536d2f13)][0m Starting 'com.toweron/com.toweron.MainActivity and waiting for 'com.toweron/com.toweron.MainActivity'
[38;5;16m[AppiumDriver@d643][0m New AndroidUiautomator2Driver session created successfully, session 536d2f13-cbfa-4d77-93fa-fd2aed56114c added to master session list
[38;5;0m[HTTP][0m <-- POST /wd/hub/session 200 11712 ms - 1221
[38;5;0m[HTTP][0m 
[38;5;0m[HTTP][0m [37m-->[39m [37mGET[39m [37m/wd/hub/session/536d2f13-cbfa-4d77-93fa-fd2aed56114c[39m
[38;5;0m[HTTP][0m {}
[38;5;0m[HTTP][0m <-- GET /wd/hub/session/536d2f13-cbfa-4d77-93fa-fd2aed56114c 200 117 ms - 368
[38;5;0m[HTTP][0m 
[38;5;0m[HTTP][0m [37m-->[39m [37mGET[39m [37m/wd/hub/session/536d2f13-cbfa-4d77-93fa-fd2aed56114c[39m
[38;5;0m[HTTP][0m {}
[38;5;0m[HTTP][0m <-- GET /wd/hub/session/536d2f13-cbfa-4d77-93fa-fd2aed56114c 200 42 ms - 368
[38;5;0m[HTTP][0m 
[38;5;0m[HTTP][0m [37m-->[39m [37mGET[39m [37m/wd/hub/status[39m
[38;5;0m[HTTP][0m {}
[38;5;0m[HTTP][0m <-- GET /wd/hub/status 200 2 ms - 110
[38;5;0m[HTTP][0m 
[38;5;0m[HTTP][0m [37m-->[39m [37mPOST[39m [37m/wd/hub/session/536d2f13-cbfa-4d77-93fa-fd2aed56114c/timeouts[39m
[38;5;0m[HTTP][0m {"implicit":60000}
[38;5;0m[HTTP][0m <-- POST /wd/hub/session/536d2f13-cbfa-4d77-93fa-fd2aed56114c/timeouts 200 4 ms - 14
[38;5;0m[HTTP][0m 
[38;5;0m[HTTP][0m [37m-->[39m [37mGET[39m [37m/wd/hub/session/536d2f13-cbfa-4d77-93fa-fd2aed56114c/source[39m
[38;5;0m[HTTP][0m {}
[38;5;48m[AndroidUiautomator2Driver@989f (536d2f13)][0m Driver proxy active, passing request on via HTTP proxy
[38;5;48m[AndroidUiautomator2Driver@989f (536d2f13)][0m Replacing sessionId eceef664-d0b7-4398-a07b-fc4d7019dfbf with 536d2f13-cbfa-4d77-93fa-fd2aed56114c
[38;5;0m[HTTP][0m <-- GET /wd/hub/session/536d2f13-cbfa-4d77-93fa-fd2aed56114c/source 200 623 ms - 3118
[38;5;0m[HTTP][0m 
[38;5;0m[HTTP][0m [37m-->[39m [37mGET[39m [37m/wd/hub/session/536d2f13-cbfa-4d77-93fa-fd2aed56114c/screenshot[39m
[38;5;0m[HTTP][0m {}
[38;5;0m[HTTP][0m <-- GET /wd/hub/session/536d2f13-cbfa-4d77-93fa-fd2aed56114c/screenshot 200 972 ms - 42820
[38;5;0m[HTTP][0m 
[38;5;0m[HTTP][0m [37m-->[39m [37mGET[39m [37m/wd/hub/session/536d2f13-cbfa-4d77-93fa-fd2aed56114c/source[39m
[38;5;0m[HTTP][0m {}
[38;5;48m[AndroidUiautomator2Driver@989f (536d2f13)][0m Driver proxy active, passing request on via HTTP proxy
[38;5;48m[AndroidUiautomator2Driver@989f (536d2f13)][0m Replacing sessionId eceef664-d0b7-4398-a07b-fc4d7019dfbf with 536d2f13-cbfa-4d77-93fa-fd2aed56114c
[38;5;0m[HTTP][0m <-- GET /wd/hub/session/536d2f13-cbfa-4d77-93fa-fd2aed56114c/source 200 72 ms - 13303
[38;5;0m[HTTP][0m 
[38;5;0m[HTTP][0m [37m-->[39m [37mGET[39m [37m/wd/hub/session/536d2f13-cbfa-4d77-93fa-fd2aed56114c/screenshot[39m
[38;5;0m[HTTP][0m {}
[38;5;0m[HTTP][0m <-- GET /wd/hub/session/536d2f13-cbfa-4d77-93fa-fd2aed56114c/screenshot 200 568 ms - 682120
[38;5;0m[HTTP][0m 
[38;5;0m[HTTP][0m [37m-->[39m [37mPOST[39m [37m/wd/hub/session/536d2f13-cbfa-4d77-93fa-fd2aed56114c/elements[39m
[38;5;0m[HTTP][0m {"using":"xpath","value":"//*[@class = 'android.widget.EditText' and (@text = 'Email address' or . = 'Email address')]"}
[38;5;0m[HTTP][0m <-- POST /wd/hub/session/536d2f13-cbfa-4d77-93fa-fd2aed56114c/elements 200 238 ms - 139
[38;5;0m[HTTP][0m 
[38;5;0m[HTTP][0m [37m-->[39m [37mGET[39m [37m/wd/hub/session/536d2f13-cbfa-4d77-93fa-fd2aed56114c/window/rect[39m
[38;5;0m[HTTP][0m {}
[38;5;0m[HTTP][0m <-- GET /wd/hub/session/536d2f13-cbfa-4d77-93fa-fd2aed56114c/window/rect 200 28 ms - 50
[38;5;0m[HTTP][0m 
[38;5;0m[HTTP][0m [37m-->[39m [37mPOST[39m [37m/wd/hub/session/536d2f13-cbfa-4d77-93fa-fd2aed56114c/elements[39m
[38;5;0m[HTTP][0m {"using":"xpath","value":"//*[@class = 'android.widget.EditText' and (@text = 'Email address' or . = 'Email address')]"}
[38;5;0m[HTTP][0m <-- POST /wd/hub/session/536d2f13-cbfa-4d77-93fa-fd2aed56114c/elements 200 65 ms - 139
[38;5;0m[HTTP][0m 
[38;5;0m[HTTP][0m [37m-->[39m [37mGET[39m [37m/wd/hub/session/536d2f13-cbfa-4d77-93fa-fd2aed56114c/element/00000000-0000-0148-ffff-ffff00000027/location[39m
[38;5;0m[HTTP][0m {}
[38;5;48m[AndroidUiautomator2Driver@989f (536d2f13)][0m Driver proxy active, passing request on via HTTP proxy
[38;5;48m[AndroidUiautomator2Driver@989f (536d2f13)][0m Replacing sessionId eceef664-d0b7-4398-a07b-fc4d7019dfbf with 536d2f13-cbfa-4d77-93fa-fd2aed56114c
[38;5;0m[HTTP][0m <-- GET /wd/hub/session/536d2f13-cbfa-4d77-93fa-fd2aed56114c/element/00000000-0000-0148-ffff-ffff00000027/location 200 10 ms - 78
[38;5;0m[HTTP][0m 
[38;5;0m[HTTP][0m [37m-->[39m [37mPOST[39m [37m/wd/hub/session/536d2f13-cbfa-4d77-93fa-fd2aed56114c/element/00000000-0000-0148-ffff-ffff00000027/value[39m
[38;5;0m[HTTP][0m {"id":"00000000-0000-0148-ffff-ffff00000027","text":"d4tksy6hj4@example.com","value":["d","4","t","k","s","y","6","h","j","4","@","e","x","a","m","p","l","e",".","c","o","m"]}
[38;5;0m[HTTP][0m <-- POST /wd/hub/session/536d2f13-cbfa-4d77-93fa-fd2aed56114c/element/00000000-0000-0148-ffff-ffff00000027/value 200 556 ms - 14
[38;5;0m[HTTP][0m 
[38;5;0m[HTTP][0m [37m-->[39m [37mGET[39m [37m/wd/hub/session/536d2f13-cbfa-4d77-93fa-fd2aed56114c/source[39m
[38;5;0m[HTTP][0m {}
[38;5;48m[AndroidUiautomator2Driver@989f (536d2f13)][0m Driver proxy active, passing request on via HTTP proxy
[38;5;48m[AndroidUiautomator2Driver@989f (536d2f13)][0m Replacing sessionId eceef664-d0b7-4398-a07b-fc4d7019dfbf with 536d2f13-cbfa-4d77-93fa-fd2aed56114c
[38;5;0m[HTTP][0m <-- GET /wd/hub/session/536d2f13-cbfa-4d77-93fa-fd2aed56114c/source 200 74 ms - 13312
[38;5;0m[HTTP][0m 
[38;5;0m[HTTP][0m [37m-->[39m [37mGET[39m [37m/wd/hub/session/536d2f13-cbfa-4d77-93fa-fd2aed56114c/screenshot[39m
[38;5;0m[HTTP][0m {}
[38;5;0m[HTTP][0m <-- GET /wd/hub/session/536d2f13-cbfa-4d77-93fa-fd2aed56114c/screenshot 200 591 ms - 698408
[38;5;0m[HTTP][0m 
[38;5;0m[HTTP][0m [37m-->[39m [37mPOST[39m [37m/wd/hub/session/536d2f13-cbfa-4d77-93fa-fd2aed56114c/elements[39m
[38;5;0m[HTTP][0m {"using":"xpath","value":"//*[@class = 'android.widget.TextView' and (@text = 'Next' or . = 'Next')]"}
[38;5;0m[HTTP][0m <-- POST /wd/hub/session/536d2f13-cbfa-4d77-93fa-fd2aed56114c/elements 200 89 ms - 139
[38;5;0m[HTTP][0m 
[38;5;0m[HTTP][0m [37m-->[39m [37mGET[39m [37m/wd/hub/session/536d2f13-cbfa-4d77-93fa-fd2aed56114c/window/rect[39m
[38;5;0m[HTTP][0m {}
[38;5;0m[HTTP][0m <-- GET /wd/hub/session/536d2f13-cbfa-4d77-93fa-fd2aed56114c/window/rect 200 9 ms - 50
[38;5;0m[HTTP][0m 
[38;5;0m[HTTP][0m [37m-->[39m [37mPOST[39m [37m/wd/hub/session/536d2f13-cbfa-4d77-93fa-fd2aed56114c/elements[39m
[38;5;0m[HTTP][0m {"using":"xpath","value":"//*[@class = 'android.widget.TextView' and (@text = 'Next' or . = 'Next')]"}
[38;5;0m[HTTP][0m <-- POST /wd/hub/session/536d2f13-cbfa-4d77-93fa-fd2aed56114c/elements 200 30 ms - 139
[38;5;0m[HTTP][0m 
[38;5;0m[HTTP][0m [37m-->[39m [37mGET[39m [37m/wd/hub/session/536d2f13-cbfa-4d77-93fa-fd2aed56114c/element/00000000-0000-0148-ffff-ffff0000002c/location[39m
[38;5;0m[HTTP][0m {}
[38;5;48m[AndroidUiautomator2Driver@989f (536d2f13)][0m Driver proxy active, passing request on via HTTP proxy
[38;5;48m[AndroidUiautomator2Driver@989f (536d2f13)][0m Replacing sessionId eceef664-d0b7-4398-a07b-fc4d7019dfbf with 536d2f13-cbfa-4d77-93fa-fd2aed56114c
[38;5;0m[HTTP][0m <-- GET /wd/hub/session/536d2f13-cbfa-4d77-93fa-fd2aed56114c/element/00000000-0000-0148-ffff-ffff0000002c/location 200 11 ms - 79
[38;5;0m[HTTP][0m 
[38;5;0m[HTTP][0m [37m-->[39m [37mPOST[39m [37m/wd/hub/session/536d2f13-cbfa-4d77-93fa-fd2aed56114c/element/00000000-0000-0148-ffff-ffff0000002c/click[39m
[38;5;0m[HTTP][0m {"id":"00000000-0000-0148-ffff-ffff0000002c"}
[38;5;0m[HTTP][0m <-- POST /wd/hub/session/536d2f13-cbfa-4d77-93fa-fd2aed56114c/element/00000000-0000-0148-ffff-ffff0000002c/click 200 128 ms - 14
[38;5;0m[HTTP][0m 
[38;5;0m[HTTP][0m [37m-->[39m [37mGET[39m [37m/wd/hub/session/536d2f13-cbfa-4d77-93fa-fd2aed56114c/source[39m
[38;5;0m[HTTP][0m {}
[38;5;48m[AndroidUiautomator2Driver@989f (536d2f13)][0m Driver proxy active, passing request on via HTTP proxy
[38;5;48m[AndroidUiautomator2Driver@989f (536d2f13)][0m Replacing sessionId eceef664-d0b7-4398-a07b-fc4d7019dfbf with 536d2f13-cbfa-4d77-93fa-fd2aed56114c
[38;5;0m[HTTP][0m <-- GET /wd/hub/session/536d2f13-cbfa-4d77-93fa-fd2aed56114c/source 200 1033 ms - 15794
[38;5;0m[HTTP][0m 
[38;5;0m[HTTP][0m [37m-->[39m [37mGET[39m [37m/wd/hub/session/536d2f13-cbfa-4d77-93fa-fd2aed56114c/screenshot[39m
[38;5;0m[HTTP][0m {}
[38;5;0m[HTTP][0m <-- GET /wd/hub/session/536d2f13-cbfa-4d77-93fa-fd2aed56114c/screenshot 200 562 ms - 705044
[38;5;0m[HTTP][0m 
[38;5;0m[HTTP][0m [37m-->[39m [37mPOST[39m [37m/wd/hub/session/536d2f13-cbfa-4d77-93fa-fd2aed56114c/elements[39m
[38;5;0m[HTTP][0m {"using":"xpath","value":"//*[@class = 'android.widget.EditText' and (@text = 'Password' or . = 'Password')]"}
[38;5;0m[HTTP][0m <-- POST /wd/hub/session/536d2f13-cbfa-4d77-93fa-fd2aed56114c/elements 200 119 ms - 139
[38;5;0m[HTTP][0m 
[38;5;0m[HTTP][0m [37m-->[39m [37mGET[39m [37m/wd/hub/session/536d2f13-cbfa-4d77-93fa-fd2aed56114c/window/rect[39m
[38;5;0m[HTTP][0m {}
[38;5;0m[HTTP][0m <-- GET /wd/hub/session/536d2f13-cbfa-4d77-93fa-fd2aed56114c/window/rect 200 18 ms - 50
[38;5;0m[HTTP][0m 
[38;5;0m[HTTP][0m [37m-->[39m [37mPOST[39m [37m/wd/hub/session/536d2f13-cbfa-4d77-93fa-fd2aed56114c/elements[39m
[38;5;0m[HTTP][0m {"using":"xpath","value":"//*[@class = 'android.widget.EditText' and (@text = 'Password' or . = 'Password')]"}
[38;5;0m[HTTP][0m <-- POST /wd/hub/session/536d2f13-cbfa-4d77-93fa-fd2aed56114c/elements 200 57 ms - 139
[38;5;0m[HTTP][0m 
[38;5;0m[HTTP][0m [37m-->[39m [37mGET[39m [37m/wd/hub/session/536d2f13-cbfa-4d77-93fa-fd2aed56114c/element/00000000-0000-0148-ffff-ffff00000042/location[39m
[38;5;0m[HTTP][0m {}
[38;5;48m[AndroidUiautomator2Driver@989f (536d2f13)][0m Driver proxy active, passing request on via HTTP proxy
[38;5;48m[AndroidUiautomator2Driver@989f (536d2f13)][0m Replacing sessionId eceef664-d0b7-4398-a07b-fc4d7019dfbf with 536d2f13-cbfa-4d77-93fa-fd2aed56114c
[38;5;0m[HTTP][0m <-- GET /wd/hub/session/536d2f13-cbfa-4d77-93fa-fd2aed56114c/element/00000000-0000-0148-ffff-ffff00000042/location 200 8 ms - 78
[38;5;0m[HTTP][0m 
[38;5;0m[HTTP][0m [37m-->[39m [37mPOST[39m [37m/wd/hub/session/536d2f13-cbfa-4d77-93fa-fd2aed56114c/element/00000000-0000-0148-ffff-ffff00000042/value[39m
[38;5;0m[HTTP][0m {"id":"00000000-0000-0148-ffff-ffff00000042","text":"123456789","value":["1","2","3","4","5","6","7","8","9"]}
[38;5;0m[HTTP][0m <-- POST /wd/hub/session/536d2f13-cbfa-4d77-93fa-fd2aed56114c/element/00000000-0000-0148-ffff-ffff00000042/value 200 577 ms - 14
[38;5;0m[HTTP][0m 
[38;5;0m[HTTP][0m [37m-->[39m [37mGET[39m [37m/wd/hub/session/536d2f13-cbfa-4d77-93fa-fd2aed56114c/source[39m
[38;5;0m[HTTP][0m {}
[38;5;48m[AndroidUiautomator2Driver@989f (536d2f13)][0m Driver proxy active, passing request on via HTTP proxy
[38;5;48m[AndroidUiautomator2Driver@989f (536d2f13)][0m Replacing sessionId eceef664-d0b7-4398-a07b-fc4d7019dfbf with 536d2f13-cbfa-4d77-93fa-fd2aed56114c
[38;5;0m[HTTP][0m <-- GET /wd/hub/session/536d2f13-cbfa-4d77-93fa-fd2aed56114c/source 200 39 ms - 15813
[38;5;0m[HTTP][0m 
[38;5;0m[HTTP][0m [37m-->[39m [37mGET[39m [37m/wd/hub/session/536d2f13-cbfa-4d77-93fa-fd2aed56114c/screenshot[39m
[38;5;0m[HTTP][0m {}
[38;5;0m[HTTP][0m <-- GET /wd/hub/session/536d2f13-cbfa-4d77-93fa-fd2aed56114c/screenshot 200 551 ms - 694484
[38;5;0m[HTTP][0m 
[38;5;0m[HTTP][0m [37m-->[39m [37mPOST[39m [37m/wd/hub/session/536d2f13-cbfa-4d77-93fa-fd2aed56114c/elements[39m
[38;5;0m[HTTP][0m {"using":"xpath","value":"//*[@class = 'android.widget.TextView' and (@text = 'Login' or . = 'Login')]"}
[38;5;0m[HTTP][0m <-- POST /wd/hub/session/536d2f13-cbfa-4d77-93fa-fd2aed56114c/elements 200 115 ms - 267
[38;5;0m[HTTP][0m 
[38;5;0m[HTTP][0m [37m-->[39m [37mPOST[39m [37m/wd/hub/session/536d2f13-cbfa-4d77-93fa-fd2aed56114c/elements[39m
[38;5;0m[HTTP][0m {"using":"-android uiautomator","value":"new UiSelector().className(\"android.widget.TextView\").text(\"Login\")"}
[38;5;0m[HTTP][0m <-- POST /wd/hub/session/536d2f13-cbfa-4d77-93fa-fd2aed56114c/elements 200 26 ms - 267
[38;5;0m[HTTP][0m 
[38;5;0m[HTTP][0m [37m-->[39m [37mGET[39m [37m/wd/hub/session/536d2f13-cbfa-4d77-93fa-fd2aed56114c/window/rect[39m
[38;5;0m[HTTP][0m {}
[38;5;0m[HTTP][0m <-- GET /wd/hub/session/536d2f13-cbfa-4d77-93fa-fd2aed56114c/window/rect 200 4 ms - 50
[38;5;0m[HTTP][0m 
[38;5;0m[HTTP][0m [37m-->[39m [37mPOST[39m [37m/wd/hub/session/536d2f13-cbfa-4d77-93fa-fd2aed56114c/elements[39m
[38;5;0m[HTTP][0m {"using":"xpath","value":"//hierarchy/android.widget.FrameLayout[1]/android.widget.LinearLayout[1]/android.widget.FrameLayout[1]/android.widget.LinearLayout[1]/android.widget.FrameLayout[1]/android.widget.FrameLayout[1]/android.view.ViewGroup[1]/android.view.ViewGroup[1]/android.view.ViewGroup[1]/android.widget.FrameLayout[1]/android.view.ViewGroup[1]/android.view.ViewGroup[1]/android.view.ViewGroup[1]/android.view.ViewGroup[1]/android.view.ViewGroup[1]/android.view.ViewGroup[1]/android.view.ViewGroup[5]/android.widget.TextView[1]"}
[38;5;0m[HTTP][0m <-- POST /wd/hub/session/536d2f13-cbfa-4d77-93fa-fd2aed56114c/elements 200 36 ms - 139
[38;5;0m[HTTP][0m 
[38;5;0m[HTTP][0m [37m-->[39m [37mGET[39m [37m/wd/hub/session/536d2f13-cbfa-4d77-93fa-fd2aed56114c/element/00000000-0000-0148-ffff-ffff0000004b/location[39m
[38;5;0m[HTTP][0m {}
[38;5;48m[AndroidUiautomator2Driver@989f (536d2f13)][0m Driver proxy active, passing request on via HTTP proxy
[38;5;48m[AndroidUiautomator2Driver@989f (536d2f13)][0m Replacing sessionId eceef664-d0b7-4398-a07b-fc4d7019dfbf with 536d2f13-cbfa-4d77-93fa-fd2aed56114c
[38;5;0m[HTTP][0m <-- GET /wd/hub/session/536d2f13-cbfa-4d77-93fa-fd2aed56114c/element/00000000-0000-0148-ffff-ffff0000004b/location 200 7 ms - 79
[38;5;0m[HTTP][0m 
[38;5;0m[HTTP][0m [37m-->[39m [37mPOST[39m [37m/wd/hub/session/536d2f13-cbfa-4d77-93fa-fd2aed56114c/element/00000000-0000-0148-ffff-ffff0000004b/click[39m
[38;5;0m[HTTP][0m {"id":"00000000-0000-0148-ffff-ffff0000004b"}
[38;5;0m[HTTP][0m <-- POST /wd/hub/session/536d2f13-cbfa-4d77-93fa-fd2aed56114c/element/00000000-0000-0148-ffff-ffff0000004b/click 200 94 ms - 14
[38;5;0m[HTTP][0m 
[38;5;0m[HTTP][0m [37m-->[39m [37mGET[39m [37m/wd/hub/session/536d2f13-cbfa-4d77-93fa-fd2aed56114c/source[39m
[38;5;0m[HTTP][0m {}
[38;5;48m[AndroidUiautomator2Driver@989f (536d2f13)][0m Driver proxy active, passing request on via HTTP proxy
[38;5;48m[AndroidUiautomator2Driver@989f (536d2f13)][0m Replacing sessionId eceef664-d0b7-4398-a07b-fc4d7019dfbf with 536d2f13-cbfa-4d77-93fa-fd2aed56114c
[38;5;0m[HTTP][0m <-- GET /wd/hub/session/536d2f13-cbfa-4d77-93fa-fd2aed56114c/source 200 2288 ms - 18178
[38;5;0m[HTTP][0m 
[38;5;0m[HTTP][0m [37m-->[39m [37mGET[39m [37m/wd/hub/session/536d2f13-cbfa-4d77-93fa-fd2aed56114c/screenshot[39m
[38;5;0m[HTTP][0m {}
[38;5;0m[HTTP][0m <-- GET /wd/hub/session/536d2f13-cbfa-4d77-93fa-fd2aed56114c/screenshot 200 567 ms - 57056
[38;5;0m[HTTP][0m 
[38;5;0m[HTTP][0m [37m-->[39m [37mGET[39m [37m/wd/hub/session/536d2f13-cbfa-4d77-93fa-fd2aed56114c/screenshot[39m
[38;5;0m[HTTP][0m {}
[38;5;0m[HTTP][0m <-- GET /wd/hub/session/536d2f13-cbfa-4d77-93fa-fd2aed56114c/screenshot 200 497 ms - 57056
[38;5;0m[HTTP][0m 
[38;5;0m[HTTP][0m [37m-->[39m [37mGET[39m [37m/wd/hub/session/536d2f13-cbfa-4d77-93fa-fd2aed56114c/source[39m
[38;5;0m[HTTP][0m {}
[38;5;48m[AndroidUiautomator2Driver@989f (536d2f13)][0m Driver proxy active, passing request on via HTTP proxy
[38;5;48m[AndroidUiautomator2Driver@989f (536d2f13)][0m Replacing sessionId eceef664-d0b7-4398-a07b-fc4d7019dfbf with 536d2f13-cbfa-4d77-93fa-fd2aed56114c
[38;5;0m[HTTP][0m <-- GET /wd/hub/session/536d2f13-cbfa-4d77-93fa-fd2aed56114c/source 200 128 ms - 12263
[38;5;0m[HTTP][0m 
[38;5;0m[HTTP][0m [37m-->[39m [37mGET[39m [37m/wd/hub/session/536d2f13-cbfa-4d77-93fa-fd2aed56114c/screenshot[39m
[38;5;0m[HTTP][0m {}
[38;5;0m[HTTP][0m <-- GET /wd/hub/session/536d2f13-cbfa-4d77-93fa-fd2aed56114c/screenshot 200 413 ms - 57056
[38;5;0m[HTTP][0m 
[38;5;0m[HTTP][0m [37m-->[39m [37mDELETE[39m [37m/wd/hub/session/536d2f13-cbfa-4d77-93fa-fd2aed56114c[39m
[38;5;0m[HTTP][0m {}
[38;5;16m[AppiumDriver@d643][0m Removing session 536d2f13-cbfa-4d77-93fa-fd2aed56114c from our master session list
[38;5;48m[AndroidUiautomator2Driver@989f (536d2f13)][0m Restoring hidden api policy to the device default configuration
[38;5;0m[HTTP][0m <-- DELETE /wd/hub/session/536d2f13-cbfa-4d77-93fa-fd2aed56114c 200 1473 ms - 14
[38;5;0m[HTTP][0m 
[Appium] Received SIGTERM - shutting down
[38;5;0m[HTTP][0m Waiting until the server is closed
[38;5;0m[HTTP][0m Received server close event
